# JRE version: OpenJDK Runtime Environment Temurin-17.0.13+11 (17.0.13+11) (build 17.0.13+11)
# Java VM: OpenJDK 64-Bit Server VM Temurin-17.0.13+11 (17.0.13+11, mixed mode, tiered, compressed oops, compressed class ptrs, parallel gc, windows-amd64)
GC Precious Log:
 CPUs: 24 total, 24 available
 Memory: 32503M
 Large Page Support: Disabled
 NUMA Support: Disabled
 Compressed Oops: Enabled (32-bit)
 Alignments: Space 512K, Generation 512K, Heap 2M
 Heap Min Capacity: 100M
 Heap Initial Capacity: 100M
 Heap Max Capacity: 1G
 Pre-touch: Disabled
 Parallel Workers: 18
Heap:
 PSYoungGen      total 1536K, used 509K [0x00000000eab00000, 0x00000000eae00000, 0x0000000100000000)
  eden space 1024K, 1% used [0x00000000eab00000,0x00000000eab035a8,0x00000000eac00000)
  from space 512K, 96% used [0x00000000ead80000,0x00000000eadfc028,0x00000000eae00000)
  to   space 1024K, 0% used [0x00000000eac00000,0x00000000eac00000,0x00000000ead00000)
 ParOldGen       total 257024K, used 238113K [0x00000000c0000000, 0x00000000cfb00000, 0x00000000eab00000)
  object space 257024K, 92% used [0x00000000c0000000,0x00000000ce888550,0x00000000cfb00000)
 Metaspace       used 85742K, committed 87232K, reserved 1179648K
  class space    used 9007K, committed 9728K, reserved 1048576K
GC Heap History (20 events):
Event: 6781.347 GC heap before
{Heap before GC invocations=248 (full 9):
 PSYoungGen      total 3584K, used 3368K [0x00000000eab00000, 0x00000000eb080000, 0x0000000100000000)
  eden space 1536K, 100% used [0x00000000eab00000,0x00000000eac80000,0x00000000eac80000)
  from space 2048K, 89% used [0x00000000eac80000,0x00000000eae4a220,0x00000000eae80000)
  to   space 2048K, 0% used [0x00000000eae80000,0x00000000eae80000,0x00000000eb080000)
 ParOldGen       total 257024K, used 235511K [0x00000000c0000000, 0x00000000cfb00000, 0x00000000eab00000)
  object space 257024K, 91% used [0x00000000c0000000,0x00000000ce5fdf48,0x00000000cfb00000)
 Metaspace       used 85077K, committed 86528K, reserved 1179648K
  class space    used 8929K, committed 9600K, reserved 1048576K
}
Event: 6781.350 GC heap after
{Heap after GC invocations=248 (full 9):
 PSYoungGen      total 3072K, used 2026K [0x00000000eab00000, 0x00000000eb180000, 0x0000000100000000)
  eden space 1024K, 0% used [0x00000000eab00000,0x00000000eab00000,0x00000000eac00000)
  from space 2048K, 98% used [0x00000000eae80000,0x00000000eb07a908,0x00000000eb080000)
  to   space 2560K, 0% used [0x00000000eac00000,0x00000000eac00000,0x00000000eae80000)
 ParOldGen       total 257024K, used 235639K [0x00000000c0000000, 0x00000000cfb00000, 0x00000000eab00000)
  object space 257024K, 91% used [0x00000000c0000000,0x00000000ce61df48,0x00000000cfb00000)
 Metaspace       used 85077K, committed 86528K, reserved 1179648K
  class space    used 8929K, committed 9600K, reserved 1048576K
}
Event: 6781.412 GC heap before
{Heap before GC invocations=249 (full 9):
 PSYoungGen      total 3072K, used 3050K [0x00000000eab00000, 0x00000000eb180000, 0x0000000100000000)
  eden space 1024K, 100% used [0x00000000eab00000,0x00000000eac00000,0x00000000eac00000)
  from space 2048K, 98% used [0x00000000eae80000,0x00000000eb07a908,0x00000000eb080000)
  to   space 2560K, 0% used [0x00000000eac00000,0x00000000eac00000,0x00000000eae80000)
 ParOldGen       total 257024K, used 235639K [0x00000000c0000000, 0x00000000cfb00000, 0x00000000eab00000)
  object space 257024K, 91% used [0x00000000c0000000,0x00000000ce61df48,0x00000000cfb00000)
 Metaspace       used 85295K, committed 86720K, reserved 1179648K
  class space    used 8954K, committed 9600K, reserved 1048576K
}
Event: 6781.414 GC heap after
{Heap after GC invocations=249 (full 9):
 PSYoungGen      total 3584K, used 2007K [0x00000000eab00000, 0x00000000eb100000, 0x0000000100000000)
  eden space 1024K, 0% used [0x00000000eab00000,0x00000000eab00000,0x00000000eac00000)
  from space 2560K, 78% used [0x00000000eac00000,0x00000000eadf5d50,0x00000000eae80000)
  to   space 2560K, 0% used [0x00000000eae80000,0x00000000eae80000,0x00000000eb100000)
 ParOldGen       total 257024K, used 235759K [0x00000000c0000000, 0x00000000cfb00000, 0x00000000eab00000)
  object space 257024K, 91% used [0x00000000c0000000,0x00000000ce63bf48,0x00000000cfb00000)
 Metaspace       used 85295K, committed 86720K, reserved 1179648K
  class space    used 8954K, committed 9600K, reserved 1048576K
}
Event: 6781.436 GC heap before
{Heap before GC invocations=250 (full 9):
 PSYoungGen      total 3584K, used 3031K [0x00000000eab00000, 0x00000000eb100000, 0x0000000100000000)
  eden space 1024K, 100% used [0x00000000eab00000,0x00000000eac00000,0x00000000eac00000)
  from space 2560K, 78% used [0x00000000eac00000,0x00000000eadf5d50,0x00000000eae80000)
  to   space 2560K, 0% used [0x00000000eae80000,0x00000000eae80000,0x00000000eb100000)
 ParOldGen       total 257024K, used 235759K [0x00000000c0000000, 0x00000000cfb00000, 0x00000000eab00000)
  object space 257024K, 91% used [0x00000000c0000000,0x00000000ce63bf48,0x00000000cfb00000)
 Metaspace       used 85318K, committed 86720K, reserved 1179648K
  class space    used 8957K, committed 9600K, reserved 1048576K
}
Event: 6781.438 GC heap after
{Heap after GC invocations=250 (full 9):
 PSYoungGen      total 3584K, used 2103K [0x00000000eab00000, 0x00000000eb100000, 0x0000000100000000)
  eden space 1024K, 0% used [0x00000000eab00000,0x00000000eab00000,0x00000000eac00000)
  from space 2560K, 82% used [0x00000000eae80000,0x00000000eb08dd60,0x00000000eb100000)
  to   space 2560K, 0% used [0x00000000eac00000,0x00000000eac00000,0x00000000eae80000)
 ParOldGen       total 257024K, used 235759K [0x00000000c0000000, 0x00000000cfb00000, 0x00000000eab00000)
  object space 257024K, 91% used [0x00000000c0000000,0x00000000ce63bf48,0x00000000cfb00000)
 Metaspace       used 85318K, committed 86720K, reserved 1179648K
  class space    used 8957K, committed 9600K, reserved 1048576K
}
Event: 6781.527 GC heap before
{Heap before GC invocations=251 (full 9):
 PSYoungGen      total 3584K, used 3127K [0x00000000eab00000, 0x00000000eb100000, 0x0000000100000000)
  eden space 1024K, 100% used [0x00000000eab00000,0x00000000eac00000,0x00000000eac00000)
  from space 2560K, 82% used [0x00000000eae80000,0x00000000eb08dd60,0x00000000eb100000)
  to   space 2560K, 0% used [0x00000000eac00000,0x00000000eac00000,0x00000000eae80000)
 ParOldGen       total 257024K, used 235759K [0x00000000c0000000, 0x00000000cfb00000, 0x00000000eab00000)
  object space 257024K, 91% used [0x00000000c0000000,0x00000000ce63bf48,0x00000000cfb00000)
 Metaspace       used 85400K, committed 86848K, reserved 1179648K
  class space    used 8963K, committed 9600K, reserved 1048576K
}
Event: 6781.529 GC heap after
{Heap after GC invocations=251 (full 9):
 PSYoungGen      total 3072K, used 1845K [0x00000000eab00000, 0x00000000eb000000, 0x0000000100000000)
  eden space 1024K, 0% used [0x00000000eab00000,0x00000000eab00000,0x00000000eac00000)
  from space 2048K, 90% used [0x00000000eac00000,0x00000000eadcd668,0x00000000eae00000)
  to   space 2048K, 0% used [0x00000000eae00000,0x00000000eae00000,0x00000000eb000000)
 ParOldGen       total 257024K, used 236111K [0x00000000c0000000, 0x00000000cfb00000, 0x00000000eab00000)
  object space 257024K, 91% used [0x00000000c0000000,0x00000000ce693f48,0x00000000cfb00000)
 Metaspace       used 85400K, committed 86848K, reserved 1179648K
  class space    used 8963K, committed 9600K, reserved 1048576K
}
Event: 6784.935 GC heap before
{Heap before GC invocations=252 (full 9):
 PSYoungGen      total 3072K, used 2869K [0x00000000eab00000, 0x00000000eb000000, 0x0000000100000000)
  eden space 1024K, 100% used [0x00000000eab00000,0x00000000eac00000,0x00000000eac00000)
  from space 2048K, 90% used [0x00000000eac00000,0x00000000eadcd668,0x00000000eae00000)
  to   space 2048K, 0% used [0x00000000eae00000,0x00000000eae00000,0x00000000eb000000)
 ParOldGen       total 257024K, used 236111K [0x00000000c0000000, 0x00000000cfb00000, 0x00000000eab00000)
  object space 257024K, 91% used [0x00000000c0000000,0x00000000ce693f48,0x00000000cfb00000)
 Metaspace       used 85577K, committed 86976K, reserved 1179648K
  class space    used 8987K, committed 9600K, reserved 1048576K
}
Event: 6784.938 GC heap after
{Heap after GC invocations=252 (full 9):
 PSYoungGen      total 3072K, used 1598K [0x00000000eab00000, 0x00000000eb000000, 0x0000000100000000)
  eden space 1024K, 0% used [0x00000000eab00000,0x00000000eab00000,0x00000000eac00000)
  from space 2048K, 78% used [0x00000000eae00000,0x00000000eaf8f898,0x00000000eb000000)
  to   space 2048K, 0% used [0x00000000eac00000,0x00000000eac00000,0x00000000eae00000)
 ParOldGen       total 257024K, used 236503K [0x00000000c0000000, 0x00000000cfb00000, 0x00000000eab00000)
  object space 257024K, 92% used [0x00000000c0000000,0x00000000ce6f5f48,0x00000000cfb00000)
 Metaspace       used 85577K, committed 86976K, reserved 1179648K
  class space    used 8987K, committed 9600K, reserved 1048576K
}
Event: 6790.730 GC heap before
{Heap before GC invocations=253 (full 9):
 PSYoungGen      total 3072K, used 2622K [0x00000000eab00000, 0x00000000eb000000, 0x0000000100000000)
  eden space 1024K, 100% used [0x00000000eab00000,0x00000000eac00000,0x00000000eac00000)
  from space 2048K, 78% used [0x00000000eae00000,0x00000000eaf8f898,0x00000000eb000000)
  to   space 2048K, 0% used [0x00000000eac00000,0x00000000eac00000,0x00000000eae00000)
 ParOldGen       total 257024K, used 236503K [0x00000000c0000000, 0x00000000cfb00000, 0x00000000eab00000)
  object space 257024K, 92% used [0x00000000c0000000,0x00000000ce6f5f48,0x00000000cfb00000)
 Metaspace       used 85601K, committed 87104K, reserved 1179648K
  class space    used 8990K, committed 9664K, reserved 1048576K
}
Event: 6790.733 GC heap after
{Heap after GC invocations=253 (full 9):
 PSYoungGen      total 2560K, used 1358K [0x00000000eab00000, 0x00000000eaf00000, 0x0000000100000000)
  eden space 1024K, 0% used [0x00000000eab00000,0x00000000eab00000,0x00000000eac00000)
  from space 1536K, 88% used [0x00000000eac00000,0x00000000ead53870,0x00000000ead80000)
  to   space 1536K, 0% used [0x00000000ead80000,0x00000000ead80000,0x00000000eaf00000)
 ParOldGen       total 257024K, used 236887K [0x00000000c0000000, 0x00000000cfb00000, 0x00000000eab00000)
  object space 257024K, 92% used [0x00000000c0000000,0x00000000ce755f48,0x00000000cfb00000)
 Metaspace       used 85601K, committed 87104K, reserved 1179648K
  class space    used 8990K, committed 9664K, reserved 1048576K
}
Event: 6790.965 GC heap before
{Heap before GC invocations=254 (full 9):
 PSYoungGen      total 2560K, used 2382K [0x00000000eab00000, 0x00000000eaf00000, 0x0000000100000000)
  eden space 1024K, 100% used [0x00000000eab00000,0x00000000eac00000,0x00000000eac00000)
  from space 1536K, 88% used [0x00000000eac00000,0x00000000ead53870,0x00000000ead80000)
  to   space 1536K, 0% used [0x00000000ead80000,0x00000000ead80000,0x00000000eaf00000)
 ParOldGen       total 257024K, used 236887K [0x00000000c0000000, 0x00000000cfb00000, 0x00000000eab00000)
  object space 257024K, 92% used [0x00000000c0000000,0x00000000ce755f48,0x00000000cfb00000)
 Metaspace       used 85607K, committed 87104K, reserved 1179648K
  class space    used 8991K, committed 9664K, reserved 1048576K
}
Event: 6790.969 GC heap after
{Heap after GC invocations=254 (full 9):
 PSYoungGen      total 2560K, used 1150K [0x00000000eab00000, 0x00000000eaf00000, 0x0000000100000000)
  eden space 1024K, 0% used [0x00000000eab00000,0x00000000eab00000,0x00000000eac00000)
  from space 1536K, 74% used [0x00000000ead80000,0x00000000eae9f898,0x00000000eaf00000)
  to   space 1536K, 0% used [0x00000000eac00000,0x00000000eac00000,0x00000000ead80000)
 ParOldGen       total 257024K, used 237255K [0x00000000c0000000, 0x00000000cfb00000, 0x00000000eab00000)
  object space 257024K, 92% used [0x00000000c0000000,0x00000000ce7b1f48,0x00000000cfb00000)
 Metaspace       used 85607K, committed 87104K, reserved 1179648K
  class space    used 8991K, committed 9664K, reserved 1048576K
}
Event: 8851.944 GC heap before
{Heap before GC invocations=255 (full 9):
 PSYoungGen      total 2560K, used 2174K [0x00000000eab00000, 0x00000000eaf00000, 0x0000000100000000)
  eden space 1024K, 99% used [0x00000000eab00000,0x00000000eabfff68,0x00000000eac00000)
  from space 1536K, 74% used [0x00000000ead80000,0x00000000eae9f898,0x00000000eaf00000)
  to   space 1536K, 0% used [0x00000000eac00000,0x00000000eac00000,0x00000000ead80000)
 ParOldGen       total 257024K, used 237255K [0x00000000c0000000, 0x00000000cfb00000, 0x00000000eab00000)
  object space 257024K, 92% used [0x00000000c0000000,0x00000000ce7b1f48,0x00000000cfb00000)
 Metaspace       used 85639K, committed 87104K, reserved 1179648K
  class space    used 8991K, committed 9664K, reserved 1048576K
}
Event: 8851.951 GC heap after
{Heap after GC invocations=255 (full 9):
 PSYoungGen      total 2560K, used 1023K [0x00000000eab00000, 0x00000000eaf00000, 0x0000000100000000)
  eden space 1024K, 0% used [0x00000000eab00000,0x00000000eab00000,0x00000000eac00000)
  from space 1536K, 66% used [0x00000000eac00000,0x00000000eacfff48,0x00000000ead80000)
  to   space 1536K, 0% used [0x00000000ead80000,0x00000000ead80000,0x00000000eaf00000)
 ParOldGen       total 257024K, used 237383K [0x00000000c0000000, 0x00000000cfb00000, 0x00000000eab00000)
  object space 257024K, 92% used [0x00000000c0000000,0x00000000ce7d1f48,0x00000000cfb00000)
 Metaspace       used 85639K, committed 87104K, reserved 1179648K
  class space    used 8991K, committed 9664K, reserved 1048576K
}
Event: 9700.250 GC heap before
{Heap before GC invocations=256 (full 9):
 PSYoungGen      total 2560K, used 2047K [0x00000000eab00000, 0x00000000eaf00000, 0x0000000100000000)
  eden space 1024K, 99% used [0x00000000eab00000,0x00000000eabfffe0,0x00000000eac00000)
  from space 1536K, 66% used [0x00000000eac00000,0x00000000eacfff48,0x00000000ead80000)
  to   space 1536K, 0% used [0x00000000ead80000,0x00000000ead80000,0x00000000eaf00000)
 ParOldGen       total 257024K, used 237383K [0x00000000c0000000, 0x00000000cfb00000, 0x00000000eab00000)
  object space 257024K, 92% used [0x00000000c0000000,0x00000000ce7d1f48,0x00000000cfb00000)
 Metaspace       used 85642K, committed 87104K, reserved 1179648K
  class space    used 8991K, committed 9664K, reserved 1048576K
}
Event: 9700.255 GC heap after
{Heap after GC invocations=256 (full 9):
 PSYoungGen      total 2048K, used 958K [0x00000000eab00000, 0x00000000eae80000, 0x0000000100000000)
  eden space 1024K, 0% used [0x00000000eab00000,0x00000000eab00000,0x00000000eac00000)
  from space 1024K, 93% used [0x00000000ead80000,0x00000000eae6f860,0x00000000eae80000)
  to   space 1024K, 0% used [0x00000000eac80000,0x00000000eac80000,0x00000000ead80000)
 ParOldGen       total 257024K, used 237511K [0x00000000c0000000, 0x00000000cfb00000, 0x00000000eab00000)
  object space 257024K, 92% used [0x00000000c0000000,0x00000000ce7f1f48,0x00000000cfb00000)
 Metaspace       used 85642K, committed 87104K, reserved 1179648K
  class space    used 8991K, committed 9664K, reserved 1048576K
}
Event: 18547.389 GC heap before
{Heap before GC invocations=257 (full 9):
 PSYoungGen      total 2048K, used 1981K [0x00000000eab00000, 0x00000000eae80000, 0x0000000100000000)
  eden space 1024K, 99% used [0x00000000eab00000,0x00000000eabffd88,0x00000000eac00000)
  from space 1024K, 93% used [0x00000000ead80000,0x00000000eae6f860,0x00000000eae80000)
  to   space 1024K, 0% used [0x00000000eac80000,0x00000000eac80000,0x00000000ead80000)
 ParOldGen       total 257024K, used 237511K [0x00000000c0000000, 0x00000000cfb00000, 0x00000000eab00000)
  object space 257024K, 92% used [0x00000000c0000000,0x00000000ce7f1f48,0x00000000cfb00000)
 Metaspace       used 85653K, committed 87104K, reserved 1179648K
  class space    used 8992K, committed 9664K, reserved 1048576K
}
Event: 18547.464 GC heap after
{Heap after GC invocations=257 (full 9):
 PSYoungGen      total 2048K, used 910K [0x00000000eab00000, 0x00000000eae00000, 0x0000000100000000)
  eden space 1024K, 0% used [0x00000000eab00000,0x00000000eab00000,0x00000000eac00000)
  from space 1024K, 88% used [0x00000000eac80000,0x00000000ead63870,0x00000000ead80000)
  to   space 512K, 0% used [0x00000000ead80000,0x00000000ead80000,0x00000000eae00000)
 ParOldGen       total 257024K, used 237695K [0x00000000c0000000, 0x00000000cfb00000, 0x00000000eab00000)
  object space 257024K, 92% used [0x00000000c0000000,0x00000000ce81ff48,0x00000000cfb00000)
 Metaspace       used 85653K, committed 87104K, reserved 1179648K
  class space    used 8992K, committed 9664K, reserved 1048576K
}

